#! /c/Source/iverilog-install/bin/vvp
:ivl_version "12.0 (devel)" "(s20150603-1110-g18392a46)";
:ivl_delay_selection "TYPICAL";
:vpi_time_precision - 9;
:vpi_module "C:\iverilog\lib\ivl\system.vpi";
:vpi_module "C:\iverilog\lib\ivl\vhdl_sys.vpi";
:vpi_module "C:\iverilog\lib\ivl\vhdl_textio.vpi";
:vpi_module "C:\iverilog\lib\ivl\v2005_math.vpi";
:vpi_module "C:\iverilog\lib\ivl\va_math.vpi";
S_000001fc9c517f50 .scope module, "invertertransistor_tb" "invertertransistor_tb" 2 3;
 .timescale -9 -9;
v000001fc9c5168d0_0 .var "a_ip", 0 0;
RS_000001fc9c5670a8 .resolv tri, L_000001fc9c518270, L_000001fc9c5172e0;
v000001fc9c516970_0 .net8 "w_op", 0 0, RS_000001fc9c5670a8;  2 drivers, strength-aware
S_000001fc9c5180e0 .scope module, "cut" "invertertransistor" 2 8, 3 1 0, S_000001fc9c517f50;
 .timescale 0 0;
    .port_info 0 /INPUT 1 "a";
    .port_info 1 /OUTPUT 1 "w";
L_000001fc9c5af828 .functor BUFT 1, C4<0>, C4<0>, C4<0>, C4<0>;
L_000001fc9c5af870 .functor BUFT 1, C4<0>, C4<0>, C4<0>, C4<0>;
L_000001fc9c518270 .functor NMOS 1, L_000001fc9c5af828, L_000001fc9c5af870, C4<0>, C4<0>;
L_000001fc9c5af8b8 .functor BUFT 1, C4<1>, C4<0>, C4<0>, C4<0>;
L_000001fc9c5af900 .functor BUFT 1, C4<0>, C4<0>, C4<0>, C4<0>;
L_000001fc9c5172e0 .functor PMOS 1, L_000001fc9c5af8b8, L_000001fc9c5af900, C4<0>, C4<0>;
v000001fc9c516e60_0 .net/2s *"_ivl_0", 0 0, L_000001fc9c5af828;  1 drivers
v000001fc9c565890_0 .net/2s *"_ivl_2", 0 0, L_000001fc9c5af870;  1 drivers
v000001fc9c51bed0_0 .net/2s *"_ivl_4", 0 0, L_000001fc9c5af8b8;  1 drivers
v000001fc9c517080_0 .net/2s *"_ivl_6", 0 0, L_000001fc9c5af900;  1 drivers
v000001fc9c516790_0 .net "a", 0 0, v000001fc9c5168d0_0;  1 drivers
v000001fc9c516830_0 .net8 "w", 0 0, RS_000001fc9c5670a8;  alias, 2 drivers, strength-aware
    .scope S_000001fc9c517f50;
T_0 ;
    %vpi_call 2 14 "$dumpfile", "trans.vcd" {0 0 0};
    %vpi_call 2 15 "$dumpvars", 32'sb00000000000000000000000000000000, S_000001fc9c517f50 {0 0 0};
    %vpi_call 2 17 "$monitor", "at time: %t -> a= %b & w= %b", $time, v000001fc9c5168d0_0, v000001fc9c516970_0 {0 0 0};
    %pushi/vec4 0, 0, 1;
    %store/vec4 v000001fc9c5168d0_0, 0, 1;
    %delay 3, 0;
    %pushi/vec4 1, 0, 1;
    %store/vec4 v000001fc9c5168d0_0, 0, 1;
    %delay 1, 0;
    %vpi_call 2 25 "$finish" {0 0 0};
    %end;
    .thread T_0;
# The file index is used to find the file name in the following table.
:file_names 4;
    "N/A";
    "<interactive>";
    "invertertransistor_tb.v";
    "invertertransistor.v";
